[2013-05-12 21:55:04] request.ERROR: Uncaught PHP Exception Symfony\Component\HttpKernel\Exception\NotFoundHttpException: "No route found for "GET /"" at /var/www/Symfony/vendor/symfony/symfony/src/Symfony/Component/HttpKernel/EventListener/RouterListener.php line 94 [] []
[2013-05-12 21:56:31] request.ERROR: Uncaught PHP Exception Symfony\Component\HttpKernel\Exception\NotFoundHttpException: "No route found for "GET /"" at /var/www/Symfony/app/cache/prod/classes.php line 3597 [] []
[2013-05-28 20:10:57] request.ERROR: Uncaught PHP Exception Symfony\Component\HttpKernel\Exception\NotFoundHttpException: "No route found for "GET /"" at /var/www/Symfony/app/cache/prod/classes.php line 3597 [] []
[2013-05-28 20:11:05] request.ERROR: Uncaught PHP Exception Symfony\Component\HttpKernel\Exception\NotFoundHttpException: "No route found for "GET /home/"" at /var/www/Symfony/app/cache/prod/classes.php line 3597 [] []
[2013-05-28 20:11:24] request.ERROR: Uncaught PHP Exception Symfony\Component\HttpKernel\Exception\NotFoundHttpException: "No route found for "GET /api/home"" at /var/www/Symfony/app/cache/prod/classes.php line 3597 [] []
[2013-05-28 20:11:49] request.ERROR: Uncaught PHP Exception Symfony\Component\HttpKernel\Exception\NotFoundHttpException: "No route found for "GET /api/home"" at /var/www/Symfony/app/cache/prod/classes.php line 3597 [] []
[2013-05-28 20:13:36] request.ERROR: Uncaught PHP Exception Symfony\Component\HttpKernel\Exception\NotFoundHttpException: "No route found for "GET /api/home"" at /var/www/Symfony/app/cache/prod/classes.php line 3597 [] []
[2013-05-28 20:14:03] request.ERROR: Uncaught PHP Exception Symfony\Component\HttpKernel\Exception\NotFoundHttpException: "No route found for "GET /api/home"" at /var/www/Symfony/app/cache/prod/classes.php line 3597 [] []
[2013-05-28 20:14:10] request.ERROR: Uncaught PHP Exception Symfony\Component\HttpKernel\Exception\NotFoundHttpException: "No route found for "GET /api/home"" at /var/www/Symfony/app/cache/prod/classes.php line 3597 [] []
[2013-05-28 20:14:22] request.ERROR: Uncaught PHP Exception Symfony\Component\HttpKernel\Exception\NotFoundHttpException: "No route found for "GET /"" at /var/www/Symfony/app/cache/prod/classes.php line 3597 [] []
[2013-05-28 20:15:30] request.ERROR: Uncaught PHP Exception Symfony\Component\HttpKernel\Exception\NotFoundHttpException: "No route found for "GET /api/home"" at /var/www/Symfony/app/cache/prod/classes.php line 3597 [] []
[2013-05-28 20:16:07] request.ERROR: Uncaught PHP Exception Symfony\Component\HttpKernel\Exception\NotFoundHttpException: "No route found for "GET /"" at /var/www/Symfony/app/cache/prod/classes.php line 3597 [] []
[2013-05-28 20:49:18] request.ERROR: Uncaught PHP Exception Symfony\Component\HttpKernel\Exception\NotFoundHttpException: "No route found for "GET /loginuser"" at /var/www/Symfony/app/cache/prod/classes.php line 3597 [] []
[2013-05-28 20:49:27] request.INFO: Matched route "get_dates" (parameters: "_controller": "Acme\CallendarBundle\Controller\CallendarController::DatesAction", "_route": "get_dates") [] []
[2013-05-28 20:49:27] security.DEBUG: Read SecurityContext from the session [] []
[2013-05-28 20:49:27] security.DEBUG: Reloading user from user provider. [] []
[2013-05-28 20:49:27] request.CRITICAL: Uncaught PHP Exception Doctrine\DBAL\DBALException: "An exception occurred while executing 'SELECT t0.id AS id1, t0.username AS username2, t0.password AS password3, t0.role AS role4, t0.UserSh AS UserSh5 FROM users t0 WHERE t0.id = ?' with params {"1":37}:

SQLSTATE[42S22]: Column not found: 1054 Unknown column 't0.UserSh' in 'field list'" at /var/www/Symfony/vendor/doctrine/dbal/lib/Doctrine/DBAL/DBALException.php line 47 [] []
[2013-05-28 20:49:27] security.DEBUG: Write SecurityContext in the session [] []
[2013-05-31 18:48:31] request.ERROR: Uncaught PHP Exception Symfony\Component\HttpKernel\Exception\NotFoundHttpException: "No route found for "GET /"" at /var/www/Symfony/app/cache/prod/classes.php line 3597 [] []
[2013-05-31 18:48:38] request.ERROR: Uncaught PHP Exception Symfony\Component\HttpKernel\Exception\NotFoundHttpException: "No route found for "GET /home"" at /var/www/Symfony/app/cache/prod/classes.php line 3597 [] []
[2013-05-31 18:49:14] request.ERROR: Uncaught PHP Exception Symfony\Component\HttpKernel\Exception\NotFoundHttpException: "No route found for "GET /login_check/"" at /var/www/Symfony/app/cache/prod/classes.php line 3597 [] []
[2013-05-31 18:50:06] request.ERROR: Uncaught PHP Exception Symfony\Component\HttpKernel\Exception\NotFoundHttpException: "No route found for "GET /user/home"" at /var/www/Symfony/app/cache/prod/classes.php line 3597 [] []
[2013-05-31 18:51:38] request.ERROR: Uncaught PHP Exception Symfony\Component\HttpKernel\Exception\NotFoundHttpException: "No route found for "GET /login/"" at /var/www/Symfony/app/cache/prod/classes.php line 3597 [] []
[2013-05-31 18:52:01] request.ERROR: Uncaught PHP Exception Symfony\Component\HttpKernel\Exception\NotFoundHttpException: "No route found for "GET /"" at /var/www/Symfony/app/cache/prod/classes.php line 3597 [] []
[2013-05-31 19:12:36] request.ERROR: Uncaught PHP Exception Symfony\Component\HttpKernel\Exception\NotFoundHttpException: "No route found for "GET /libapi/home"" at /var/www/Symfony/app/cache/prod/classes.php line 3597 [] []
[2013-05-31 19:12:45] request.ERROR: Uncaught PHP Exception Symfony\Component\HttpKernel\Exception\NotFoundHttpException: "No route found for "GET /libapi/home/"" at /var/www/Symfony/app/cache/prod/classes.php line 3597 [] []
[2013-05-31 19:22:30] request.ERROR: Uncaught PHP Exception Symfony\Component\HttpKernel\Exception\NotFoundHttpException: "No route found for "GET /apilib/home/"" at /var/www/Symfony/app/cache/prod/classes.php line 3597 [] []
[2013-05-31 19:22:56] request.ERROR: Uncaught PHP Exception Symfony\Component\HttpKernel\Exception\NotFoundHttpException: "No route found for "GET /admin."" at /var/www/Symfony/app/cache/prod/classes.php line 3597 [] []
[2013-06-01 14:34:25] request.INFO: Matched route "libapi" (parameters: "_controller": "Acme\CallendarBundle\Controller\CallendarController::libapiAction", "_route": "libapi") [] []
[2013-06-01 14:34:25] security.INFO: Populated SecurityContext with an anonymous Token [] []
[2013-06-01 14:34:25] request.CRITICAL: Uncaught PHP Exception RuntimeException: "Controller "Acme\CallendarBundle\Controller\CallendarController::libapiAction()" requires that you provide a value for the "$sh_username" argument (because there is no default value or because there is a non optional argument after this one)." at /var/www/Symfony/app/cache/prod/classes.php line 3694 [] []
[2013-06-01 14:34:25] security.DEBUG: Write SecurityContext in the session [] []
[2013-06-01 14:36:24] request.INFO: Matched route "libapi" (parameters: "_controller": "Acme\CallendarBundle\Controller\CallendarController::libapiAction", "_route": "libapi") [] []
[2013-06-01 14:36:24] security.INFO: Populated SecurityContext with an anonymous Token [] []
[2013-06-01 14:36:24] request.CRITICAL: Uncaught PHP Exception RuntimeException: "Controller "Acme\CallendarBundle\Controller\CallendarController::libapiAction()" requires that you provide a value for the "$sh_username" argument (because there is no default value or because there is a non optional argument after this one)." at /var/www/Symfony/app/cache/prod/classes.php line 3694 [] []
[2013-06-01 14:36:24] security.DEBUG: Write SecurityContext in the session [] []
[2013-06-01 14:36:27] request.ERROR: Uncaught PHP Exception Symfony\Component\HttpKernel\Exception\NotFoundHttpException: "No route found for "GET /libapi/home/sdafasdf"" at /var/www/Symfony/app/cache/prod/classes.php line 3597 [] []
[2013-06-01 15:32:20] request.ERROR: Uncaught PHP Exception Symfony\Component\HttpKernel\Exception\NotFoundHttpException: "No route found for "GET /libapi/home/Ym05aWIyUjU="" at /var/www/Symfony/app/cache/prod/classes.php line 3597 [] []
[2013-06-01 15:34:33] request.ERROR: Uncaught PHP Exception Symfony\Component\HttpKernel\Exception\NotFoundHttpException: "No route found for "GET /libapi/home/Ym05aWIyUjU="" at /var/www/Symfony/app/cache/prod/classes.php line 3597 [] []
[2013-06-01 15:34:39] request.ERROR: Uncaught PHP Exception Symfony\Component\HttpKernel\Exception\NotFoundHttpException: "No route found for "GET /libapi/home/Ym05aWIyUjU="" at /var/www/Symfony/app/cache/prod/classes.php line 3597 [] []
[2013-06-01 15:34:43] request.INFO: Matched route "libapi" (parameters: "_controller": "Acme\CallendarBundle\Controller\CallendarController::libapiAction", "_route": "libapi") [] []
[2013-06-01 15:34:43] security.INFO: Populated SecurityContext with an anonymous Token [] []
[2013-06-01 15:34:43] request.CRITICAL: Uncaught PHP Exception RuntimeException: "Controller "Acme\CallendarBundle\Controller\CallendarController::libapiAction()" requires that you provide a value for the "$bs_username" argument (because there is no default value or because there is a non optional argument after this one)." at /var/www/Symfony/app/cache/prod/classes.php line 3694 [] []
[2013-06-01 15:34:43] security.DEBUG: Write SecurityContext in the session [] []
[2013-06-01 15:35:04] request.INFO: Matched route "libapi" (parameters: "_controller": "Acme\CallendarBundle\Controller\CallendarController::libapiAction", "_route": "libapi") [] []
[2013-06-01 15:35:04] security.INFO: Populated SecurityContext with an anonymous Token [] []
[2013-06-01 15:35:04] request.CRITICAL: Uncaught PHP Exception RuntimeException: "Controller "Acme\CallendarBundle\Controller\CallendarController::libapiAction()" requires that you provide a value for the "$bs_username" argument (because there is no default value or because there is a non optional argument after this one)." at /var/www/Symfony/app/cache/prod/classes.php line 3694 [] []
[2013-06-01 15:35:04] security.DEBUG: Write SecurityContext in the session [] []
[2013-06-01 15:35:16] request.INFO: Matched route "libapi" (parameters: "_controller": "Acme\CallendarBundle\Controller\CallendarController::libapiAction", "_route": "libapi") [] []
[2013-06-01 15:35:16] security.INFO: Populated SecurityContext with an anonymous Token [] []
[2013-06-01 15:35:16] request.CRITICAL: Uncaught PHP Exception RuntimeException: "Controller "Acme\CallendarBundle\Controller\CallendarController::libapiAction()" requires that you provide a value for the "$bs_username" argument (because there is no default value or because there is a non optional argument after this one)." at /var/www/Symfony/app/cache/prod/classes.php line 3694 [] []
[2013-06-01 15:35:16] security.DEBUG: Write SecurityContext in the session [] []
[2013-06-01 15:35:22] request.INFO: Matched route "libapi" (parameters: "_controller": "Acme\CallendarBundle\Controller\CallendarController::libapiAction", "_route": "libapi") [] []
[2013-06-01 15:35:22] security.INFO: Populated SecurityContext with an anonymous Token [] []
[2013-06-01 15:35:22] request.CRITICAL: Uncaught PHP Exception RuntimeException: "Controller "Acme\CallendarBundle\Controller\CallendarController::libapiAction()" requires that you provide a value for the "$bs_username" argument (because there is no default value or because there is a non optional argument after this one)." at /var/www/Symfony/app/cache/prod/classes.php line 3694 [] []
[2013-06-01 15:35:22] security.DEBUG: Write SecurityContext in the session [] []
[2013-06-01 15:36:12] request.ERROR: Uncaught PHP Exception Symfony\Component\HttpKernel\Exception\NotFoundHttpException: "No route found for "GET /login/"" at /var/www/Symfony/app/cache/prod/classes.php line 3597 [] []
[2013-06-01 15:37:08] request.INFO: Matched route "libapi" (parameters: "_controller": "Acme\CallendarBundle\Controller\CallendarController::libapiAction", "_route": "libapi") [] []
[2013-06-01 15:37:08] security.INFO: Populated SecurityContext with an anonymous Token [] []
[2013-06-01 15:37:08] request.CRITICAL: Uncaught PHP Exception RuntimeException: "Controller "Acme\CallendarBundle\Controller\CallendarController::libapiAction()" requires that you provide a value for the "$bs_username" argument (because there is no default value or because there is a non optional argument after this one)." at /var/www/Symfony/app/cache/prod/classes.php line 3694 [] []
[2013-06-01 15:37:08] security.DEBUG: Write SecurityContext in the session [] []
[2013-06-01 15:43:14] request.INFO: Matched route "libapi" (parameters: "_controller": "Acme\CallendarBundle\Controller\CallendarController::libapiAction", "_route": "libapi") [] []
[2013-06-01 15:43:14] security.INFO: Populated SecurityContext with an anonymous Token [] []
[2013-06-01 15:43:14] request.CRITICAL: Uncaught PHP Exception RuntimeException: "Controller "Acme\CallendarBundle\Controller\CallendarController::libapiAction()" requires that you provide a value for the "$bs_username" argument (because there is no default value or because there is a non optional argument after this one)." at /var/www/Symfony/app/cache/prod/classes.php line 3694 [] []
[2013-06-01 15:43:14] security.DEBUG: Write SecurityContext in the session [] []
[2013-06-01 15:43:20] request.ERROR: Uncaught PHP Exception Symfony\Component\HttpKernel\Exception\NotFoundHttpException: "No route found for "GET /libapi/home/asdfasd"" at /var/www/Symfony/app/cache/prod/classes.php line 3597 [] []
[2013-06-01 15:43:23] request.ERROR: Uncaught PHP Exception Symfony\Component\HttpKernel\Exception\NotFoundHttpException: "No route found for "GET /libapi/home/asdfasdasdgasg"" at /var/www/Symfony/app/cache/prod/classes.php line 3597 [] []
[2013-06-01 15:43:31] request.INFO: Matched route "libapi" (parameters: "_controller": "Acme\CallendarBundle\Controller\CallendarController::libapiAction", "_route": "libapi") [] []
[2013-06-01 15:43:31] security.INFO: Populated SecurityContext with an anonymous Token [] []
[2013-06-01 15:43:31] request.CRITICAL: Uncaught PHP Exception RuntimeException: "Controller "Acme\CallendarBundle\Controller\CallendarController::libapiAction()" requires that you provide a value for the "$bs_username" argument (because there is no default value or because there is a non optional argument after this one)." at /var/www/Symfony/app/cache/prod/classes.php line 3694 [] []
[2013-06-01 15:43:31] security.DEBUG: Write SecurityContext in the session [] []
[2013-06-01 16:17:46] request.ERROR: Uncaught PHP Exception Symfony\Component\HttpKernel\Exception\NotFoundHttpException: "No route found for "GET /libapi/home/asasdfasdfasdfasd"" at /var/www/Symfony/app/cache/prod/classes.php line 3597 [] []
[2013-06-01 16:20:57] request.ERROR: Uncaught PHP Exception Symfony\Component\HttpKernel\Exception\NotFoundHttpException: "No route found for "GET /libapi/"" at /var/www/Symfony/app/cache/prod/classes.php line 3597 [] []
[2013-06-01 16:21:02] request.INFO: Matched route "libapi" (parameters: "_controller": "Acme\CallendarBundle\Controller\CallendarController::libapiAction", "_route": "libapi") [] []
[2013-06-01 16:21:02] security.INFO: Populated SecurityContext with an anonymous Token [] []
[2013-06-01 16:21:02] request.CRITICAL: Uncaught PHP Exception RuntimeException: "Controller "Acme\CallendarBundle\Controller\CallendarController::libapiAction()" requires that you provide a value for the "$bs_username" argument (because there is no default value or because there is a non optional argument after this one)." at /var/www/Symfony/app/cache/prod/classes.php line 3694 [] []
[2013-06-01 16:21:02] security.DEBUG: Write SecurityContext in the session [] []
[2013-06-01 16:21:05] request.ERROR: Uncaught PHP Exception Symfony\Component\HttpKernel\Exception\NotFoundHttpException: "No route found for "GET /libapi/home/Ym05aWIyUjU="" at /var/www/Symfony/app/cache/prod/classes.php line 3597 [] []
[2013-06-05 09:29:44] request.ERROR: Uncaught PHP Exception Symfony\Component\HttpKernel\Exception\NotFoundHttpException: "No route found for "GET /login/"" at /var/www/Symfony/app/cache/prod/classes.php line 3597 [] []
